<?xml version="1.0" encoding="UTF-8"?>
<!-- Generated by org.testng.reporters.JUnitReportReporter -->
<testsuite hostname="DESKTOP-76BMPRR" failures="0" tests="1" name="sample.NewTest" time="6.503" errors="0" timestamp="9 Jul 2022 08:02:54 GMT">
  <testcase classname="sample.NewTest" name="testEasy" time="6.503"/>
</testsuite> <!-- sample.NewTest -->
