<?xml version="1.0" encoding="UTF-8"?>
<!-- Generated by org.testng.reporters.JUnitReportReporter -->
<testsuite hostname="DESKTOP-76BMPRR" name="sample.NewTest" tests="1" failures="0" timestamp="9 Jul 2022 14:54:57 GMT" time="14.797" errors="0">
  <testcase name="testEasy" time="14.797" classname="sample.NewTest"/>
</testsuite> <!-- sample.NewTest -->
